# JRE version: OpenJDK Runtime Environment (17.0.7) (build 17.0.7+0-b2043.56-10550314)
# Java VM: OpenJDK 64-Bit Server VM (17.0.7+0-b2043.56-10550314, mixed mode, tiered, compressed oops, compressed class ptrs, g1 gc, windows-amd64)
GC Precious Log:
 CPUs: 12 total, 12 available
 Memory: 7514M
 Large Page Support: Disabled
 NUMA Support: Disabled
 Compressed Oops: Enabled (32-bit)
 Heap Region Size: 1M
 Heap Min Capacity: 8M
 Heap Initial Capacity: 118M
 Heap Max Capacity: 2G
 Pre-touch: Disabled
 Parallel Workers: 10
 Concurrent Workers: 3
 Concurrent Refinement Workers: 10
 Periodic GC: Disabled
Heap:
 garbage-first heap   total 210944K, used 141856K [0x0000000080000000, 0x0000000100000000)
  region size 1024K, 45 young (46080K), 8 survivors (8192K)
 Metaspace       used 106737K, committed 107456K, reserved 1179648K
  class space    used 14518K, committed 14848K, reserved 1048576K
GC Heap History (20 events):
Event: 13.820 GC heap before
{Heap before GC invocations=49 (full 0):
 garbage-first heap   total 121856K, used 71214K [0x0000000080000000, 0x0000000100000000)
  region size 1024K, 5 young (5120K), 4 survivors (4096K)
 Metaspace       used 90666K, committed 91328K, reserved 1179648K
  class space    used 12440K, committed 12736K, reserved 1048576K
}
Event: 13.822 GC heap after
{Heap after GC invocations=50 (full 0):
 garbage-first heap   total 121856K, used 69925K [0x0000000080000000, 0x0000000100000000)
  region size 1024K, 1 young (1024K), 1 survivors (1024K)
 Metaspace       used 90666K, committed 91328K, reserved 1179648K
  class space    used 12440K, committed 12736K, reserved 1048576K
}
Event: 14.368 GC heap before
{Heap before GC invocations=50 (full 0):
 garbage-first heap   total 121856K, used 101669K [0x0000000080000000, 0x0000000100000000)
  region size 1024K, 32 young (32768K), 1 survivors (1024K)
 Metaspace       used 93976K, committed 94592K, reserved 1179648K
  class space    used 12921K, committed 13248K, reserved 1048576K
}
Event: 14.370 GC heap after
{Heap after GC invocations=51 (full 0):
 garbage-first heap   total 121856K, used 71446K [0x0000000080000000, 0x0000000100000000)
  region size 1024K, 2 young (2048K), 2 survivors (2048K)
 Metaspace       used 93976K, committed 94592K, reserved 1179648K
  class space    used 12921K, committed 13248K, reserved 1048576K
}
Event: 14.704 GC heap before
{Heap before GC invocations=52 (full 0):
 garbage-first heap   total 124928K, used 101142K [0x0000000080000000, 0x0000000100000000)
  region size 1024K, 31 young (31744K), 2 survivors (2048K)
 Metaspace       used 95316K, committed 95936K, reserved 1179648K
  class space    used 13105K, committed 13440K, reserved 1048576K
}
Event: 14.707 GC heap after
{Heap after GC invocations=53 (full 0):
 garbage-first heap   total 124928K, used 74465K [0x0000000080000000, 0x0000000100000000)
  region size 1024K, 4 young (4096K), 4 survivors (4096K)
 Metaspace       used 95316K, committed 95936K, reserved 1179648K
  class space    used 13105K, committed 13440K, reserved 1048576K
}
Event: 14.723 GC heap before
{Heap before GC invocations=53 (full 0):
 garbage-first heap   total 124928K, used 76513K [0x0000000080000000, 0x0000000100000000)
  region size 1024K, 6 young (6144K), 4 survivors (4096K)
 Metaspace       used 95329K, committed 95936K, reserved 1179648K
  class space    used 13105K, committed 13440K, reserved 1048576K
}
Event: 14.727 GC heap after
{Heap after GC invocations=54 (full 0):
 garbage-first heap   total 210944K, used 74956K [0x0000000080000000, 0x0000000100000000)
  region size 1024K, 1 young (1024K), 1 survivors (1024K)
 Metaspace       used 95329K, committed 95936K, reserved 1179648K
  class space    used 13105K, committed 13440K, reserved 1048576K
}
Event: 15.603 GC heap before
{Heap before GC invocations=54 (full 0):
 garbage-first heap   total 210944K, used 168140K [0x0000000080000000, 0x0000000100000000)
  region size 1024K, 93 young (95232K), 1 survivors (1024K)
 Metaspace       used 97555K, committed 98304K, reserved 1179648K
  class space    used 13515K, committed 13888K, reserved 1048576K
}
Event: 15.610 GC heap after
{Heap after GC invocations=55 (full 0):
 garbage-first heap   total 210944K, used 85701K [0x0000000080000000, 0x0000000100000000)
  region size 1024K, 12 young (12288K), 12 survivors (12288K)
 Metaspace       used 97555K, committed 98304K, reserved 1179648K
  class space    used 13515K, committed 13888K, reserved 1048576K
}
Event: 15.696 GC heap before
{Heap before GC invocations=55 (full 0):
 garbage-first heap   total 210944K, used 94917K [0x0000000080000000, 0x0000000100000000)
  region size 1024K, 23 young (23552K), 12 survivors (12288K)
 Metaspace       used 97785K, committed 98496K, reserved 1179648K
  class space    used 13557K, committed 13888K, reserved 1048576K
}
Event: 15.701 GC heap after
{Heap after GC invocations=56 (full 0):
 garbage-first heap   total 210944K, used 87836K [0x0000000080000000, 0x0000000100000000)
  region size 1024K, 3 young (3072K), 3 survivors (3072K)
 Metaspace       used 97785K, committed 98496K, reserved 1179648K
  class space    used 13557K, committed 13888K, reserved 1048576K
}
Event: 16.837 GC heap before
{Heap before GC invocations=57 (full 0):
 garbage-first heap   total 210944K, used 187164K [0x0000000080000000, 0x0000000100000000)
  region size 1024K, 77 young (78848K), 3 survivors (3072K)
 Metaspace       used 102126K, committed 102848K, reserved 1179648K
  class space    used 14035K, committed 14336K, reserved 1048576K
}
Event: 16.845 GC heap after
{Heap after GC invocations=58 (full 0):
 garbage-first heap   total 210944K, used 105128K [0x0000000080000000, 0x0000000100000000)
  region size 1024K, 10 young (10240K), 10 survivors (10240K)
 Metaspace       used 102126K, committed 102848K, reserved 1179648K
  class space    used 14035K, committed 14336K, reserved 1048576K
}
Event: 16.854 GC heap before
{Heap before GC invocations=58 (full 0):
 garbage-first heap   total 210944K, used 106152K [0x0000000080000000, 0x0000000100000000)
  region size 1024K, 11 young (11264K), 10 survivors (10240K)
 Metaspace       used 102197K, committed 102848K, reserved 1179648K
  class space    used 14048K, committed 14336K, reserved 1048576K
}
Event: 16.859 GC heap after
{Heap after GC invocations=59 (full 0):
 garbage-first heap   total 210944K, used 106438K [0x0000000080000000, 0x0000000100000000)
  region size 1024K, 2 young (2048K), 2 survivors (2048K)
 Metaspace       used 102197K, committed 102848K, reserved 1179648K
  class space    used 14048K, committed 14336K, reserved 1048576K
}
Event: 17.375 GC heap before
{Heap before GC invocations=59 (full 0):
 garbage-first heap   total 210944K, used 158662K [0x0000000080000000, 0x0000000100000000)
  region size 1024K, 54 young (55296K), 2 survivors (2048K)
 Metaspace       used 104903K, committed 105600K, reserved 1179648K
  class space    used 14315K, committed 14656K, reserved 1048576K
}
Event: 17.379 GC heap after
{Heap after GC invocations=60 (full 0):
 garbage-first heap   total 210944K, used 109227K [0x0000000080000000, 0x0000000100000000)
  region size 1024K, 4 young (4096K), 4 survivors (4096K)
 Metaspace       used 104903K, committed 105600K, reserved 1179648K
  class space    used 14315K, committed 14656K, reserved 1048576K
}
Event: 17.792 GC heap before
{Heap before GC invocations=60 (full 0):
 garbage-first heap   total 210944K, used 163499K [0x0000000080000000, 0x0000000100000000)
  region size 1024K, 58 young (59392K), 4 survivors (4096K)
 Metaspace       used 105717K, committed 106432K, reserved 1179648K
  class space    used 14386K, committed 14720K, reserved 1048576K
}
Event: 17.798 GC heap after
{Heap after GC invocations=61 (full 0):
 garbage-first heap   total 210944K, used 114208K [0x0000000080000000, 0x0000000100000000)
  region size 1024K, 8 young (8192K), 8 survivors (8192K)
 Metaspace       used 105717K, committed 106432K, reserved 1179648K
  class space    used 14386K, committed 14720K, reserved 1048576K
}

