# JRE version: OpenJDK Runtime Environment (17.0.7) (build 17.0.7+0-b2043.56-10550314)
# Java VM: OpenJDK 64-Bit Server VM (17.0.7+0-b2043.56-10550314, mixed mode, tiered, compressed oops, compressed class ptrs, g1 gc, windows-amd64)
GC Precious Log:
 CPUs: 12 total, 12 available
 Memory: 7514M
 Large Page Support: Disabled
 NUMA Support: Disabled
 Compressed Oops: Enabled (32-bit)
 Heap Region Size: 1M
 Heap Min Capacity: 8M
 Heap Initial Capacity: 118M
 Heap Max Capacity: 2G
 Pre-touch: Disabled
 Parallel Workers: 10
 Concurrent Workers: 3
 Concurrent Refinement Workers: 10
 Periodic GC: Disabled
Heap:
 garbage-first heap   total 390144K, used 326655K [0x0000000080000000, 0x0000000100000000)
  region size 1024K, 120 young (122880K), 14 survivors (14336K)
 Metaspace       used 125822K, committed 126784K, reserved 1179648K
  class space    used 16954K, committed 17472K, reserved 1048576K
GC Heap History (20 events):
Event: 49.263 GC heap before
{Heap before GC invocations=89 (full 0):
 garbage-first heap   total 281600K, used 240641K [0x0000000080000000, 0x0000000100000000)
  region size 1024K, 77 young (78848K), 2 survivors (2048K)
 Metaspace       used 96268K, committed 97024K, reserved 1179648K
  class space    used 13224K, committed 13632K, reserved 1048576K
}
Event: 49.266 GC heap after
{Heap after GC invocations=90 (full 0):
 garbage-first heap   total 281600K, used 166092K [0x0000000080000000, 0x0000000100000000)
  region size 1024K, 4 young (4096K), 4 survivors (4096K)
 Metaspace       used 96268K, committed 97024K, reserved 1179648K
  class space    used 13224K, committed 13632K, reserved 1048576K
}
Event: 49.700 GC heap before
{Heap before GC invocations=91 (full 0):
 garbage-first heap   total 288768K, used 278732K [0x0000000080000000, 0x0000000100000000)
  region size 1024K, 60 young (61440K), 4 survivors (4096K)
 Metaspace       used 97176K, committed 97984K, reserved 1179648K
  class space    used 13354K, committed 13760K, reserved 1048576K
}
Event: 49.707 GC heap after
{Heap after GC invocations=92 (full 0):
 garbage-first heap   total 292864K, used 173681K [0x0000000080000000, 0x0000000100000000)
  region size 1024K, 10 young (10240K), 10 survivors (10240K)
 Metaspace       used 97176K, committed 97984K, reserved 1179648K
  class space    used 13354K, committed 13760K, reserved 1048576K
}
Event: 49.773 GC heap before
{Heap before GC invocations=92 (full 0):
 garbage-first heap   total 292864K, used 178801K [0x0000000080000000, 0x0000000100000000)
  region size 1024K, 14 young (14336K), 10 survivors (10240K)
 Metaspace       used 98283K, committed 99008K, reserved 1179648K
  class space    used 13402K, committed 13760K, reserved 1048576K
}
Event: 49.779 GC heap after
{Heap after GC invocations=93 (full 0):
 garbage-first heap   total 292864K, used 174108K [0x0000000080000000, 0x0000000100000000)
  region size 1024K, 2 young (2048K), 2 survivors (2048K)
 Metaspace       used 98283K, committed 99008K, reserved 1179648K
  class space    used 13402K, committed 13760K, reserved 1048576K
}
Event: 50.817 GC heap before
{Heap before GC invocations=93 (full 0):
 garbage-first heap   total 292864K, used 244764K [0x0000000080000000, 0x0000000100000000)
  region size 1024K, 71 young (72704K), 2 survivors (2048K)
 Metaspace       used 105826K, committed 106688K, reserved 1179648K
  class space    used 14474K, committed 14912K, reserved 1048576K
}
Event: 50.821 GC heap after
{Heap after GC invocations=94 (full 0):
 garbage-first heap   total 390144K, used 175704K [0x0000000080000000, 0x0000000100000000)
  region size 1024K, 3 young (3072K), 3 survivors (3072K)
 Metaspace       used 105826K, committed 106688K, reserved 1179648K
  class space    used 14474K, committed 14912K, reserved 1048576K
}
Event: 51.811 GC heap before
{Heap before GC invocations=95 (full 0):
 garbage-first heap   total 390144K, used 325208K [0x0000000080000000, 0x0000000100000000)
  region size 1024K, 148 young (151552K), 3 survivors (3072K)
 Metaspace       used 109259K, committed 110080K, reserved 1179648K
  class space    used 14963K, committed 15360K, reserved 1048576K
}
Event: 51.816 GC heap after
{Heap after GC invocations=96 (full 0):
 garbage-first heap   total 390144K, used 181714K [0x0000000080000000, 0x0000000100000000)
  region size 1024K, 7 young (7168K), 7 survivors (7168K)
 Metaspace       used 109259K, committed 110080K, reserved 1179648K
  class space    used 14963K, committed 15360K, reserved 1048576K
}
Event: 51.864 GC heap before
{Heap before GC invocations=96 (full 0):
 garbage-first heap   total 390144K, used 194002K [0x0000000080000000, 0x0000000100000000)
  region size 1024K, 19 young (19456K), 7 survivors (7168K)
 Metaspace       used 109259K, committed 110080K, reserved 1179648K
  class space    used 14963K, committed 15360K, reserved 1048576K
}
Event: 51.874 GC heap after
{Heap after GC invocations=97 (full 0):
 garbage-first heap   total 390144K, used 180595K [0x0000000080000000, 0x0000000100000000)
  region size 1024K, 1 young (1024K), 1 survivors (1024K)
 Metaspace       used 109259K, committed 110080K, reserved 1179648K
  class space    used 14963K, committed 15360K, reserved 1048576K
}
Event: 52.516 GC heap before
{Heap before GC invocations=97 (full 0):
 garbage-first heap   total 390144K, used 327027K [0x0000000080000000, 0x0000000100000000)
  region size 1024K, 144 young (147456K), 1 survivors (1024K)
 Metaspace       used 111186K, committed 112000K, reserved 1179648K
  class space    used 15169K, committed 15552K, reserved 1048576K
}
Event: 52.518 GC heap after
{Heap after GC invocations=98 (full 0):
 garbage-first heap   total 390144K, used 178709K [0x0000000080000000, 0x0000000100000000)
  region size 1024K, 2 young (2048K), 2 survivors (2048K)
 Metaspace       used 111186K, committed 112000K, reserved 1179648K
  class space    used 15169K, committed 15552K, reserved 1048576K
}
Event: 53.981 GC heap before
{Heap before GC invocations=99 (full 0):
 garbage-first heap   total 390144K, used 332309K [0x0000000080000000, 0x0000000100000000)
  region size 1024K, 149 young (152576K), 2 survivors (2048K)
 Metaspace       used 116542K, committed 117376K, reserved 1179648K
  class space    used 15730K, committed 16128K, reserved 1048576K
}
Event: 53.989 GC heap after
{Heap after GC invocations=100 (full 0):
 garbage-first heap   total 390144K, used 189112K [0x0000000080000000, 0x0000000100000000)
  region size 1024K, 13 young (13312K), 13 survivors (13312K)
 Metaspace       used 116542K, committed 117376K, reserved 1179648K
  class space    used 15730K, committed 16128K, reserved 1048576K
}
Event: 54.065 GC heap before
{Heap before GC invocations=100 (full 0):
 garbage-first heap   total 390144K, used 195256K [0x0000000080000000, 0x0000000100000000)
  region size 1024K, 19 young (19456K), 13 survivors (13312K)
 Metaspace       used 117779K, committed 118656K, reserved 1179648K
  class space    used 15899K, committed 16320K, reserved 1048576K
}
Event: 54.073 GC heap after
{Heap after GC invocations=101 (full 0):
 garbage-first heap   total 390144K, used 188922K [0x0000000080000000, 0x0000000100000000)
  region size 1024K, 2 young (2048K), 2 survivors (2048K)
 Metaspace       used 117779K, committed 118656K, reserved 1179648K
  class space    used 15899K, committed 16320K, reserved 1048576K
}
Event: 144.196 GC heap before
{Heap before GC invocations=101 (full 0):
 garbage-first heap   total 390144K, used 325114K [0x0000000080000000, 0x0000000100000000)
  region size 1024K, 136 young (139264K), 2 survivors (2048K)
 Metaspace       used 120799K, committed 121728K, reserved 1179648K
  class space    used 16305K, committed 16768K, reserved 1048576K
}
Event: 144.207 GC heap after
{Heap after GC invocations=102 (full 0):
 garbage-first heap   total 390144K, used 200703K [0x0000000080000000, 0x0000000100000000)
  region size 1024K, 14 young (14336K), 14 survivors (14336K)
 Metaspace       used 120799K, committed 121728K, reserved 1179648K
  class space    used 16305K, committed 16768K, reserved 1048576K
}

